<?xml version="1.0" encoding="UTF-8"?>
<!-- Generated by org.testng.reporters.JUnitXMLReporter -->
<testsuite ignored="3" hostname="DESKTOP-CUMGC61" failures="0" tests="0" time="2.196" errors="0" timestamp="2023-08-28T21:49:48 IST">
  <testcase classname="Screenshot.website" name="amazon" time="0.0">
    <ignored/>
  </testcase> <!-- amazon -->
  <testcase classname="Screenshot.website" name="flipkart" time="0.0">
    <ignored/>
  </testcase> <!-- flipkart -->
  <testcase classname="Screenshot.scshot" name="screenshot" time="0.0">
    <ignored/>
  </testcase> <!-- screenshot -->
</testsuite>
